[2021-12-18 09:00:17] local.ERROR: Command "make:migrate" is not defined.

Did you mean one of these?
    make:migration
    make:seeder {"exception":"[object] (Symfony\\Component\\Console\\Exception\\CommandNotFoundException(code: 0): Command \"make:migrate\" is not defined.

Did you mean one of these?
    make:migration
    make:seeder at W:\\domains\\localhost\\vendor\\symfony\\console\\Application.php:709)
[stacktrace]
#0 W:\\domains\\localhost\\vendor\\symfony\\console\\Application.php(259): Symfony\\Component\\Console\\Application->find()
#1 W:\\domains\\localhost\\vendor\\symfony\\console\\Application.php(171): Symfony\\Component\\Console\\Application->doRun()
#2 W:\\domains\\localhost\\vendor\\illuminate\\console\\Application.php(94): Symfony\\Component\\Console\\Application->run()
#3 W:\\domains\\localhost\\vendor\\laravel\\lumen-framework\\src\\Console\\Kernel.php(116): Illuminate\\Console\\Application->run()
#4 W:\\domains\\localhost\\artisan(35): Laravel\\Lumen\\Console\\Kernel->handle()
#5 {main}
"} 
[2021-12-18 09:02:21] local.ERROR: Command "make" is not defined.

Did you mean one of these?
    make:migration
    make:seeder {"exception":"[object] (Symfony\\Component\\Console\\Exception\\CommandNotFoundException(code: 0): Command \"make\" is not defined.

Did you mean one of these?
    make:migration
    make:seeder at W:\\domains\\localhost\\vendor\\symfony\\console\\Application.php:709)
[stacktrace]
#0 W:\\domains\\localhost\\vendor\\symfony\\console\\Application.php(259): Symfony\\Component\\Console\\Application->find()
#1 W:\\domains\\localhost\\vendor\\symfony\\console\\Application.php(171): Symfony\\Component\\Console\\Application->doRun()
#2 W:\\domains\\localhost\\vendor\\illuminate\\console\\Application.php(94): Symfony\\Component\\Console\\Application->run()
#3 W:\\domains\\localhost\\vendor\\laravel\\lumen-framework\\src\\Console\\Kernel.php(116): Illuminate\\Console\\Application->run()
#4 W:\\domains\\localhost\\artisan(35): Laravel\\Lumen\\Console\\Kernel->handle()
#5 {main}
"} 
[2021-12-18 09:03:03] local.ERROR: Call to a member function connection() on null {"exception":"[object] (Error(code: 0): Call to a member function connection() on null at W:\\domains\\localhost\\vendor\\illuminate\\database\\Eloquent\\Model.php:1653)
[stacktrace]
#0 W:\\domains\\localhost\\vendor\\illuminate\\database\\Eloquent\\Model.php(1619): Illuminate\\Database\\Eloquent\\Model::resolveConnection()
#1 W:\\domains\\localhost\\vendor\\illuminate\\database\\Eloquent\\Model.php(1425): Illuminate\\Database\\Eloquent\\Model->getConnection()
#2 W:\\domains\\localhost\\vendor\\illuminate\\database\\Eloquent\\Model.php(1342): Illuminate\\Database\\Eloquent\\Model->newBaseQueryBuilder()
#3 W:\\domains\\localhost\\vendor\\illuminate\\database\\Eloquent\\Model.php(1378): Illuminate\\Database\\Eloquent\\Model->newModelQuery()
#4 W:\\domains\\localhost\\vendor\\illuminate\\database\\Eloquent\\Model.php(1331): Illuminate\\Database\\Eloquent\\Model->newQueryWithoutScopes()
#5 W:\\domains\\localhost\\vendor\\illuminate\\database\\Eloquent\\Model.php(1321): Illuminate\\Database\\Eloquent\\Model->newQuery()
#6 W:\\domains\\localhost\\vendor\\illuminate\\database\\Eloquent\\Model.php(567): Illuminate\\Database\\Eloquent\\Model::query()
#7 W:\\domains\\localhost\\app\\Http\\Controllers\\HeroesController.php(20): Illuminate\\Database\\Eloquent\\Model::all()
#8 W:\\domains\\localhost\\vendor\\illuminate\\container\\BoundMethod.php(36): App\\Http\\Controllers\\HeroesController->showAll()
#9 W:\\domains\\localhost\\vendor\\illuminate\\container\\Util.php(40): Illuminate\\Container\\BoundMethod::Illuminate\\Container\\{closure}()
#10 W:\\domains\\localhost\\vendor\\illuminate\\container\\BoundMethod.php(93): Illuminate\\Container\\Util::unwrapIfClosure()
#11 W:\\domains\\localhost\\vendor\\illuminate\\container\\BoundMethod.php(37): Illuminate\\Container\\BoundMethod::callBoundMethod()
#12 W:\\domains\\localhost\\vendor\\illuminate\\container\\Container.php(653): Illuminate\\Container\\BoundMethod::call()
#13 W:\\domains\\localhost\\vendor\\laravel\\lumen-framework\\src\\Concerns\\RoutesRequests.php(389): Illuminate\\Container\\Container->call()
#14 W:\\domains\\localhost\\vendor\\laravel\\lumen-framework\\src\\Concerns\\RoutesRequests.php(355): Laravel\\Lumen\\Application->callControllerCallable()
#15 W:\\domains\\localhost\\vendor\\laravel\\lumen-framework\\src\\Concerns\\RoutesRequests.php(329): Laravel\\Lumen\\Application->callLumenController()
#16 W:\\domains\\localhost\\vendor\\laravel\\lumen-framework\\src\\Concerns\\RoutesRequests.php(282): Laravel\\Lumen\\Application->callControllerAction()
#17 W:\\domains\\localhost\\vendor\\laravel\\lumen-framework\\src\\Concerns\\RoutesRequests.php(267): Laravel\\Lumen\\Application->callActionOnArrayBasedRoute()
#18 W:\\domains\\localhost\\vendor\\laravel\\lumen-framework\\src\\Concerns\\RoutesRequests.php(169): Laravel\\Lumen\\Application->handleFoundRoute()
#19 W:\\domains\\localhost\\vendor\\laravel\\lumen-framework\\src\\Concerns\\RoutesRequests.php(429): Laravel\\Lumen\\Application->Laravel\\Lumen\\Concerns\\{closure}()
#20 W:\\domains\\localhost\\vendor\\laravel\\lumen-framework\\src\\Concerns\\RoutesRequests.php(175): Laravel\\Lumen\\Application->sendThroughPipeline()
#21 W:\\domains\\localhost\\vendor\\laravel\\lumen-framework\\src\\Concerns\\RoutesRequests.php(112): Laravel\\Lumen\\Application->dispatch()
#22 W:\\domains\\localhost\\public\\index.php(28): Laravel\\Lumen\\Application->run()
#23 W:\\domains\\localhost\\index.php(3): include_once('W:\\\\domains\\\\loca...')
#24 {main}
"} 
